<?xml version="1.0" encoding="UTF-8"?>
<!-- Generated by org.testng.reporters.JUnitReportReporter -->
<testsuite hostname="F-R-I-D-A-Y" failures="0" tests="1" name="SeleniumTest" time="10.996" errors="0" timestamp="2023-10-07T18:24:08 IST" skipped="0">
  <testcase classname="SeleniumTest" name="setup" time="10.996"/>
</testsuite> <!-- SeleniumTest -->
