<?xml version="1.0" encoding="UTF-8"?>
<!-- Generated by org.testng.reporters.JUnitReportReporter -->
<testsuite hostname="F-R-I-D-A-Y" failures="0" tests="1" name="SeleniumTest" time="8.804" errors="0" timestamp="2023-10-07T16:30:36 IST" skipped="0">
  <testcase classname="SeleniumTest" name="setup" time="8.804"/>
</testsuite> <!-- SeleniumTest -->
